<?xml version="1.0" encoding="UTF-8"?>
<!-- Generated by org.testng.reporters.JUnitXMLReporter -->
<testsuite ignored="0" hostname="DellSo" failures="0" tests="3" name="testChrome" time="9.091" errors="0" timestamp="2024-02-19T20:54:52 HNE">
  <testcase classname="Tests.LoginPageTest" name="testValidLogin" time="0.269"/>
  <testcase classname="Tests.LoginPageTest" name="testInValidLogin" time="0.264"/>
  <testcase classname="Tests.ProductsPageTest" name="testAffichageNomsProduits" time="0.405"/>
</testsuite> <!-- testChrome -->
