<?xml version="1.0" encoding="UTF-8"?>
<!-- Generated by org.testng.reporters.JUnitXMLReporter -->
<testsuite ignored="0" hostname="DellSo" failures="0" tests="3" name="testChrome" time="9.177" errors="0" timestamp="2024-02-19T22:11:28 HNE">
  <testcase classname="Tests.LoginPageTest" name="testValidLogin" time="0.327"/>
  <testcase classname="Tests.LoginPageTest" name="testInValidLogin" time="0.258"/>
  <testcase classname="Tests.ProductsPageTest" name="testAffichageNomsProduits" time="0.403"/>
</testsuite> <!-- testChrome -->
