<?xml version="1.0" encoding="UTF-8"?>
<!-- Generated by org.testng.reporters.JUnitXMLReporter -->
<testsuite ignored="0" hostname="DellSo" failures="0" tests="3" name="testEdge" time="10.138" errors="0" timestamp="2024-02-19T22:11:38 HNE">
  <testcase classname="Tests.LoginPageTest" name="testValidLogin" time="0.281"/>
  <testcase classname="Tests.LoginPageTest" name="testInValidLogin" time="0.25"/>
  <testcase classname="Tests.ProductsPageTest" name="testAffichageNomsProduits" time="0.468"/>
</testsuite> <!-- testEdge -->
