<?xml version="1.0" encoding="UTF-8"?>
<!-- Generated by org.testng.reporters.JUnitXMLReporter -->
<testsuite ignored="0" hostname="DellSo" failures="0" tests="3" name="testEdge" time="10.158" errors="0" timestamp="2024-02-19T20:55:02 HNE">
  <testcase classname="Tests.LoginPageTest" name="testValidLogin" time="0.294"/>
  <testcase classname="Tests.LoginPageTest" name="testInValidLogin" time="0.254"/>
  <testcase classname="Tests.ProductsPageTest" name="testAffichageNomsProduits" time="0.391"/>
</testsuite> <!-- testEdge -->
