<?xml version="1.0" encoding="UTF-8"?>
<testng-results ignored="0" total="6" passed="6" failed="0" skipped="0">
  <reporter-output>
  </reporter-output>
  <suite started-at="2024-02-19T20:54:43 HNE" name="All Test Suite" finished-at="2024-02-19T20:55:02 HNE" duration-ms="19270">
    <groups>
    </groups>
    <test started-at="2024-02-19T20:54:43 HNE" name="testChrome" finished-at="2024-02-19T20:54:52 HNE" duration-ms="9091">
      <class name="Tests.LoginPageTest">
        <test-method is-config="true" signature="SetUp(java.lang.String)[pri:0, instance:Tests.LoginPageTest@2ea227af]" started-at="2024-02-19T20:54:43 HNE" name="SetUp" finished-at="2024-02-19T20:54:48 HNE" duration-ms="5488" status="PASS">
          <params>
            <param index="0">
              <value>
                <![CDATA[chrome]]>
              </value>
            </param>
          </params>
          <reporter-output>
          </reporter-output>
        </test-method> <!-- SetUp -->
        <test-method signature="testValidLogin()[pri:1, instance:Tests.LoginPageTest@2ea227af]" started-at="2024-02-19T20:54:48 HNE" name="testValidLogin" finished-at="2024-02-19T20:54:48 HNE" duration-ms="269" status="PASS">
          <reporter-output>
          </reporter-output>
        </test-method> <!-- testValidLogin -->
        <test-method is-config="true" signature="tearDown()[pri:0, instance:Tests.LoginPageTest@2ea227af]" started-at="2024-02-19T20:54:48 HNE" name="tearDown" finished-at="2024-02-19T20:54:49 HNE" duration-ms="93" status="PASS">
          <reporter-output>
          </reporter-output>
        </test-method> <!-- tearDown -->
        <test-method is-config="true" signature="SetUp(java.lang.String)[pri:0, instance:Tests.LoginPageTest@2ea227af]" started-at="2024-02-19T20:54:49 HNE" name="SetUp" finished-at="2024-02-19T20:54:50 HNE" duration-ms="1184" status="PASS">
          <params>
            <param index="0">
              <value>
                <![CDATA[chrome]]>
              </value>
            </param>
          </params>
          <reporter-output>
          </reporter-output>
        </test-method> <!-- SetUp -->
        <test-method signature="testInValidLogin()[pri:2, instance:Tests.LoginPageTest@2ea227af]" started-at="2024-02-19T20:54:50 HNE" name="testInValidLogin" finished-at="2024-02-19T20:54:50 HNE" duration-ms="264" status="PASS">
          <reporter-output>
          </reporter-output>
        </test-method> <!-- testInValidLogin -->
        <test-method is-config="true" signature="tearDown()[pri:0, instance:Tests.LoginPageTest@2ea227af]" started-at="2024-02-19T20:54:50 HNE" name="tearDown" finished-at="2024-02-19T20:54:50 HNE" duration-ms="76" status="PASS">
          <reporter-output>
          </reporter-output>
        </test-method> <!-- tearDown -->
      </class> <!-- Tests.LoginPageTest -->
      <class name="Tests.ProductsPageTest">
        <test-method is-config="true" signature="SetUp(java.lang.String)[pri:0, instance:Tests.ProductsPageTest@5a63f509]" started-at="2024-02-19T20:54:50 HNE" name="SetUp" finished-at="2024-02-19T20:54:51 HNE" duration-ms="1195" status="PASS">
          <params>
            <param index="0">
              <value>
                <![CDATA[chrome]]>
              </value>
            </param>
          </params>
          <reporter-output>
          </reporter-output>
        </test-method> <!-- SetUp -->
        <test-method signature="testAffichageNomsProduits()[pri:0, instance:Tests.ProductsPageTest@5a63f509]" started-at="2024-02-19T20:54:51 HNE" name="testAffichageNomsProduits" finished-at="2024-02-19T20:54:52 HNE" duration-ms="405" status="PASS">
          <reporter-output>
          </reporter-output>
        </test-method> <!-- testAffichageNomsProduits -->
        <test-method is-config="true" signature="tearDown()[pri:0, instance:Tests.ProductsPageTest@5a63f509]" started-at="2024-02-19T20:54:52 HNE" name="tearDown" finished-at="2024-02-19T20:54:52 HNE" duration-ms="82" status="PASS">
          <reporter-output>
          </reporter-output>
        </test-method> <!-- tearDown -->
      </class> <!-- Tests.ProductsPageTest -->
    </test> <!-- testChrome -->
    <test started-at="2024-02-19T20:54:52 HNE" name="testEdge" finished-at="2024-02-19T20:55:02 HNE" duration-ms="10158">
      <class name="Tests.LoginPageTest">
        <test-method is-config="true" signature="SetUp(java.lang.String)[pri:0, instance:Tests.LoginPageTest@3d51f06e]" started-at="2024-02-19T20:54:52 HNE" name="SetUp" finished-at="2024-02-19T20:54:55 HNE" duration-ms="3084" status="PASS">
          <params>
            <param index="0">
              <value>
                <![CDATA[edge]]>
              </value>
            </param>
          </params>
          <reporter-output>
          </reporter-output>
        </test-method> <!-- SetUp -->
        <test-method signature="testValidLogin()[pri:1, instance:Tests.LoginPageTest@3d51f06e]" started-at="2024-02-19T20:54:55 HNE" name="testValidLogin" finished-at="2024-02-19T20:54:55 HNE" duration-ms="294" status="PASS">
          <reporter-output>
          </reporter-output>
        </test-method> <!-- testValidLogin -->
        <test-method is-config="true" signature="tearDown()[pri:0, instance:Tests.LoginPageTest@3d51f06e]" started-at="2024-02-19T20:54:55 HNE" name="tearDown" finished-at="2024-02-19T20:54:55 HNE" duration-ms="133" status="PASS">
          <reporter-output>
          </reporter-output>
        </test-method> <!-- tearDown -->
        <test-method is-config="true" signature="SetUp(java.lang.String)[pri:0, instance:Tests.LoginPageTest@3d51f06e]" started-at="2024-02-19T20:54:55 HNE" name="SetUp" finished-at="2024-02-19T20:54:58 HNE" duration-ms="2852" status="PASS">
          <params>
            <param index="0">
              <value>
                <![CDATA[edge]]>
              </value>
            </param>
          </params>
          <reporter-output>
          </reporter-output>
        </test-method> <!-- SetUp -->
        <test-method signature="testInValidLogin()[pri:2, instance:Tests.LoginPageTest@3d51f06e]" started-at="2024-02-19T20:54:58 HNE" name="testInValidLogin" finished-at="2024-02-19T20:54:58 HNE" duration-ms="254" status="PASS">
          <reporter-output>
          </reporter-output>
        </test-method> <!-- testInValidLogin -->
        <test-method is-config="true" signature="tearDown()[pri:0, instance:Tests.LoginPageTest@3d51f06e]" started-at="2024-02-19T20:54:58 HNE" name="tearDown" finished-at="2024-02-19T20:54:59 HNE" duration-ms="135" status="PASS">
          <reporter-output>
          </reporter-output>
        </test-method> <!-- tearDown -->
      </class> <!-- Tests.LoginPageTest -->
      <class name="Tests.ProductsPageTest">
        <test-method is-config="true" signature="SetUp(java.lang.String)[pri:0, instance:Tests.ProductsPageTest@7ed7259e]" started-at="2024-02-19T20:54:59 HNE" name="SetUp" finished-at="2024-02-19T20:55:01 HNE" duration-ms="2875" status="PASS">
          <params>
            <param index="0">
              <value>
                <![CDATA[edge]]>
              </value>
            </param>
          </params>
          <reporter-output>
          </reporter-output>
        </test-method> <!-- SetUp -->
        <test-method signature="testAffichageNomsProduits()[pri:0, instance:Tests.ProductsPageTest@7ed7259e]" started-at="2024-02-19T20:55:01 HNE" name="testAffichageNomsProduits" finished-at="2024-02-19T20:55:02 HNE" duration-ms="391" status="PASS">
          <reporter-output>
          </reporter-output>
        </test-method> <!-- testAffichageNomsProduits -->
        <test-method is-config="true" signature="tearDown()[pri:0, instance:Tests.ProductsPageTest@7ed7259e]" started-at="2024-02-19T20:55:02 HNE" name="tearDown" finished-at="2024-02-19T20:55:02 HNE" duration-ms="136" status="PASS">
          <reporter-output>
          </reporter-output>
        </test-method> <!-- tearDown -->
      </class> <!-- Tests.ProductsPageTest -->
    </test> <!-- testEdge -->
  </suite> <!-- All Test Suite -->
</testng-results>
