<?xml version="1.0" encoding="UTF-8"?>
<testng-results ignored="0" total="6" passed="6" failed="0" skipped="0">
  <reporter-output>
  </reporter-output>
  <suite started-at="2024-02-19T22:11:19 HNE" name="All Test Suite" finished-at="2024-02-19T22:11:38 HNE" duration-ms="19333">
    <groups>
    </groups>
    <test started-at="2024-02-19T22:11:19 HNE" name="testChrome" finished-at="2024-02-19T22:11:28 HNE" duration-ms="9177">
      <class name="Tests.LoginPageTest">
        <test-method is-config="true" signature="SetUp(java.lang.String)[pri:0, instance:Tests.LoginPageTest@3cc2931c]" started-at="2024-02-19T22:11:19 HNE" name="SetUp" finished-at="2024-02-19T22:11:24 HNE" duration-ms="5351" status="PASS">
          <params>
            <param index="0">
              <value>
                <![CDATA[chrome]]>
              </value>
            </param>
          </params>
          <reporter-output>
          </reporter-output>
        </test-method> <!-- SetUp -->
        <test-method signature="testValidLogin()[pri:1, instance:Tests.LoginPageTest@3cc2931c]" started-at="2024-02-19T22:11:24 HNE" name="testValidLogin" finished-at="2024-02-19T22:11:24 HNE" duration-ms="327" status="PASS">
          <reporter-output>
          </reporter-output>
        </test-method> <!-- testValidLogin -->
        <test-method is-config="true" signature="tearDown()[pri:0, instance:Tests.LoginPageTest@3cc2931c]" started-at="2024-02-19T22:11:24 HNE" name="tearDown" finished-at="2024-02-19T22:11:25 HNE" duration-ms="119" status="PASS">
          <reporter-output>
          </reporter-output>
        </test-method> <!-- tearDown -->
        <test-method is-config="true" signature="SetUp(java.lang.String)[pri:0, instance:Tests.LoginPageTest@3cc2931c]" started-at="2024-02-19T22:11:25 HNE" name="SetUp" finished-at="2024-02-19T22:11:26 HNE" duration-ms="1157" status="PASS">
          <params>
            <param index="0">
              <value>
                <![CDATA[chrome]]>
              </value>
            </param>
          </params>
          <reporter-output>
          </reporter-output>
        </test-method> <!-- SetUp -->
        <test-method signature="testInValidLogin()[pri:2, instance:Tests.LoginPageTest@3cc2931c]" started-at="2024-02-19T22:11:26 HNE" name="testInValidLogin" finished-at="2024-02-19T22:11:26 HNE" duration-ms="258" status="PASS">
          <reporter-output>
          </reporter-output>
        </test-method> <!-- testInValidLogin -->
        <test-method is-config="true" signature="tearDown()[pri:0, instance:Tests.LoginPageTest@3cc2931c]" started-at="2024-02-19T22:11:26 HNE" name="tearDown" finished-at="2024-02-19T22:11:26 HNE" duration-ms="121" status="PASS">
          <reporter-output>
          </reporter-output>
        </test-method> <!-- tearDown -->
      </class> <!-- Tests.LoginPageTest -->
      <class name="Tests.ProductsPageTest">
        <test-method is-config="true" signature="SetUp(java.lang.String)[pri:0, instance:Tests.ProductsPageTest@4a22f9e2]" started-at="2024-02-19T22:11:26 HNE" name="SetUp" finished-at="2024-02-19T22:11:27 HNE" duration-ms="1286" status="PASS">
          <params>
            <param index="0">
              <value>
                <![CDATA[chrome]]>
              </value>
            </param>
          </params>
          <reporter-output>
          </reporter-output>
        </test-method> <!-- SetUp -->
        <test-method signature="testAffichageNomsProduits()[pri:0, instance:Tests.ProductsPageTest@4a22f9e2]" started-at="2024-02-19T22:11:27 HNE" name="testAffichageNomsProduits" finished-at="2024-02-19T22:11:28 HNE" duration-ms="403" status="PASS">
          <reporter-output>
          </reporter-output>
        </test-method> <!-- testAffichageNomsProduits -->
        <test-method is-config="true" signature="tearDown()[pri:0, instance:Tests.ProductsPageTest@4a22f9e2]" started-at="2024-02-19T22:11:28 HNE" name="tearDown" finished-at="2024-02-19T22:11:28 HNE" duration-ms="99" status="PASS">
          <reporter-output>
          </reporter-output>
        </test-method> <!-- tearDown -->
      </class> <!-- Tests.ProductsPageTest -->
    </test> <!-- testChrome -->
    <test started-at="2024-02-19T22:11:28 HNE" name="testEdge" finished-at="2024-02-19T22:11:38 HNE" duration-ms="10138">
      <class name="Tests.LoginPageTest">
        <test-method is-config="true" signature="SetUp(java.lang.String)[pri:0, instance:Tests.LoginPageTest@15c43bd9]" started-at="2024-02-19T22:11:28 HNE" name="SetUp" finished-at="2024-02-19T22:11:31 HNE" duration-ms="2968" status="PASS">
          <params>
            <param index="0">
              <value>
                <![CDATA[edge]]>
              </value>
            </param>
          </params>
          <reporter-output>
          </reporter-output>
        </test-method> <!-- SetUp -->
        <test-method signature="testValidLogin()[pri:1, instance:Tests.LoginPageTest@15c43bd9]" started-at="2024-02-19T22:11:31 HNE" name="testValidLogin" finished-at="2024-02-19T22:11:31 HNE" duration-ms="281" status="PASS">
          <reporter-output>
          </reporter-output>
        </test-method> <!-- testValidLogin -->
        <test-method is-config="true" signature="tearDown()[pri:0, instance:Tests.LoginPageTest@15c43bd9]" started-at="2024-02-19T22:11:31 HNE" name="tearDown" finished-at="2024-02-19T22:11:31 HNE" duration-ms="129" status="PASS">
          <reporter-output>
          </reporter-output>
        </test-method> <!-- tearDown -->
        <test-method is-config="true" signature="SetUp(java.lang.String)[pri:0, instance:Tests.LoginPageTest@15c43bd9]" started-at="2024-02-19T22:11:31 HNE" name="SetUp" finished-at="2024-02-19T22:11:34 HNE" duration-ms="2978" status="PASS">
          <params>
            <param index="0">
              <value>
                <![CDATA[edge]]>
              </value>
            </param>
          </params>
          <reporter-output>
          </reporter-output>
        </test-method> <!-- SetUp -->
        <test-method signature="testInValidLogin()[pri:2, instance:Tests.LoginPageTest@15c43bd9]" started-at="2024-02-19T22:11:34 HNE" name="testInValidLogin" finished-at="2024-02-19T22:11:35 HNE" duration-ms="250" status="PASS">
          <reporter-output>
          </reporter-output>
        </test-method> <!-- testInValidLogin -->
        <test-method is-config="true" signature="tearDown()[pri:0, instance:Tests.LoginPageTest@15c43bd9]" started-at="2024-02-19T22:11:35 HNE" name="tearDown" finished-at="2024-02-19T22:11:35 HNE" duration-ms="121" status="PASS">
          <reporter-output>
          </reporter-output>
        </test-method> <!-- tearDown -->
      </class> <!-- Tests.LoginPageTest -->
      <class name="Tests.ProductsPageTest">
        <test-method is-config="true" signature="SetUp(java.lang.String)[pri:0, instance:Tests.ProductsPageTest@3d74bf60]" started-at="2024-02-19T22:11:35 HNE" name="SetUp" finished-at="2024-02-19T22:11:37 HNE" duration-ms="2802" status="PASS">
          <params>
            <param index="0">
              <value>
                <![CDATA[edge]]>
              </value>
            </param>
          </params>
          <reporter-output>
          </reporter-output>
        </test-method> <!-- SetUp -->
        <test-method signature="testAffichageNomsProduits()[pri:0, instance:Tests.ProductsPageTest@3d74bf60]" started-at="2024-02-19T22:11:37 HNE" name="testAffichageNomsProduits" finished-at="2024-02-19T22:11:38 HNE" duration-ms="468" status="PASS">
          <reporter-output>
          </reporter-output>
        </test-method> <!-- testAffichageNomsProduits -->
        <test-method is-config="true" signature="tearDown()[pri:0, instance:Tests.ProductsPageTest@3d74bf60]" started-at="2024-02-19T22:11:38 HNE" name="tearDown" finished-at="2024-02-19T22:11:38 HNE" duration-ms="138" status="PASS">
          <reporter-output>
          </reporter-output>
        </test-method> <!-- tearDown -->
      </class> <!-- Tests.ProductsPageTest -->
    </test> <!-- testEdge -->
  </suite> <!-- All Test Suite -->
</testng-results>
